2025-05-20 22:26:34,045 [Worker-4: Loading available Gradle versions] INFO  o.e.b.c.i.u.g.PublishedGradleVersions - Gradle version information cache is up-to-date. Trying to read.
2025-05-20 22:29:54,680 [Worker-1: Loading available Gradle versions] INFO  o.e.b.c.i.u.g.PublishedGradleVersions - Gradle version information cache is up-to-date. Trying to read.
2025-05-20 22:34:58,299 [Worker-1: Loading available Gradle versions] INFO  o.e.b.c.i.u.g.PublishedGradleVersions - Gradle version information cache is up-to-date. Trying to read.
2025-05-20 23:25:04,389 [Worker-1: Loading available Gradle versions] INFO  o.e.b.c.i.u.g.PublishedGradleVersions - Gradle version information cache is up-to-date. Trying to read.
2025-05-21 11:27:17,922 [Worker-1: Loading available Gradle versions] INFO  o.e.b.c.i.u.g.PublishedGradleVersions - Gradle version information cache is up-to-date. Trying to read.
2025-05-21 12:10:29,946 [ModalContext] INFO  o.e.m.c.i.e.AbstractTransferListenerAdapter - Downloading https://repo.maven.apache.org/maven2/com/github/ywchang/maven-archetype-quickstart/1.1/maven-archetype-quickstart-1.1.pom
2025-05-21 12:10:30,171 [ModalContext] INFO  o.e.m.c.i.e.AbstractTransferListenerAdapter - Downloaded https://repo.maven.apache.org/maven2/com/github/ywchang/maven-archetype-quickstart/1.1/maven-archetype-quickstart-1.1.pom
2025-05-21 12:10:30,319 [ModalContext] INFO  o.e.m.c.i.e.AbstractTransferListenerAdapter - Downloading https://repo.maven.apache.org/maven2/com/github/ywchang/maven-archetype-quickstart/1.1/maven-archetype-quickstart-1.1.jar
2025-05-21 12:10:30,466 [ModalContext] INFO  o.e.m.c.i.e.AbstractTransferListenerAdapter - Downloaded https://repo.maven.apache.org/maven2/com/github/ywchang/maven-archetype-quickstart/1.1/maven-archetype-quickstart-1.1.jar
2025-05-21 12:11:23,750 [Worker-15: Launching mavenrun-988584f7-fda4-4ad0-84d0-ec9ee31ff8ff] INFO  o.eclipse.m2e.core.internal.Bundles - getClasspathEntries(Bundle=org.eclipse.m2e.maven.runtime_3.8.604.20221130-2149 [606])
2025-05-21 12:11:23,793 [Worker-15: Launching mavenrun-988584f7-fda4-4ad0-84d0-ec9ee31ff8ff] INFO  o.eclipse.m2e.core.internal.Bundles - 	Entry: C:\Users\ASUS\Downloads\eclipse-jee-2022-12-R-win32-x86_64\eclipse\plugins\org.eclipse.m2e.maven.runtime_3.8.604.20221130-2149
2025-05-21 12:11:23,793 [Worker-15: Launching mavenrun-988584f7-fda4-4ad0-84d0-ec9ee31ff8ff] INFO  o.eclipse.m2e.core.internal.Bundles - 	Entry: C:\Users\ASUS\Downloads\eclipse-jee-2022-12-R-win32-x86_64\eclipse\plugins\org.eclipse.m2e.maven.runtime_3.8.604.20221130-2149\jars\aether-connector-okhttp-0.17.8.jar
2025-05-21 12:11:23,794 [Worker-15: Launching mavenrun-988584f7-fda4-4ad0-84d0-ec9ee31ff8ff] INFO  o.eclipse.m2e.core.internal.Bundles - 	Entry: C:\Users\ASUS\Downloads\eclipse-jee-2022-12-R-win32-x86_64\eclipse\plugins\org.eclipse.m2e.maven.runtime_3.8.604.20221130-2149\jars\commons-cli-1.4.jar
2025-05-21 12:11:23,794 [Worker-15: Launching mavenrun-988584f7-fda4-4ad0-84d0-ec9ee31ff8ff] INFO  o.eclipse.m2e.core.internal.Bundles - 	Entry: C:\Users\ASUS\Downloads\eclipse-jee-2022-12-R-win32-x86_64\eclipse\plugins\org.eclipse.m2e.maven.runtime_3.8.604.20221130-2149\jars\commons-io-2.6.jar
2025-05-21 12:11:23,794 [Worker-15: Launching mavenrun-988584f7-fda4-4ad0-84d0-ec9ee31ff8ff] INFO  o.eclipse.m2e.core.internal.Bundles - 	Entry: C:\Users\ASUS\Downloads\eclipse-jee-2022-12-R-win32-x86_64\eclipse\plugins\org.eclipse.m2e.maven.runtime_3.8.604.20221130-2149\jars\commons-lang3-3.8.1.jar
2025-05-21 12:11:23,795 [Worker-15: Launching mavenrun-988584f7-fda4-4ad0-84d0-ec9ee31ff8ff] INFO  o.eclipse.m2e.core.internal.Bundles - 	Entry: C:\Users\ASUS\Downloads\eclipse-jee-2022-12-R-win32-x86_64\eclipse\plugins\org.eclipse.m2e.maven.runtime_3.8.604.20221130-2149\jars\guice-4.2.2-no_aop.jar
2025-05-21 12:11:23,795 [Worker-15: Launching mavenrun-988584f7-fda4-4ad0-84d0-ec9ee31ff8ff] INFO  o.eclipse.m2e.core.internal.Bundles - 	Entry: C:\Users\ASUS\Downloads\eclipse-jee-2022-12-R-win32-x86_64\eclipse\plugins\org.eclipse.m2e.maven.runtime_3.8.604.20221130-2149\jars\jansi-2.4.0.jar
2025-05-21 12:11:23,795 [Worker-15: Launching mavenrun-988584f7-fda4-4ad0-84d0-ec9ee31ff8ff] INFO  o.eclipse.m2e.core.internal.Bundles - 	Entry: C:\Users\ASUS\Downloads\eclipse-jee-2022-12-R-win32-x86_64\eclipse\plugins\org.eclipse.m2e.maven.runtime_3.8.604.20221130-2149\jars\maven-artifact-3.8.6.jar
2025-05-21 12:11:23,795 [Worker-15: Launching mavenrun-988584f7-fda4-4ad0-84d0-ec9ee31ff8ff] INFO  o.eclipse.m2e.core.internal.Bundles - 	Entry: C:\Users\ASUS\Downloads\eclipse-jee-2022-12-R-win32-x86_64\eclipse\plugins\org.eclipse.m2e.maven.runtime_3.8.604.20221130-2149\jars\maven-builder-support-3.8.6.jar
2025-05-21 12:11:23,796 [Worker-15: Launching mavenrun-988584f7-fda4-4ad0-84d0-ec9ee31ff8ff] INFO  o.eclipse.m2e.core.internal.Bundles - 	Entry: C:\Users\ASUS\Downloads\eclipse-jee-2022-12-R-win32-x86_64\eclipse\plugins\org.eclipse.m2e.maven.runtime_3.8.604.20221130-2149\jars\maven-compat-3.8.6.jar
2025-05-21 12:11:23,796 [Worker-15: Launching mavenrun-988584f7-fda4-4ad0-84d0-ec9ee31ff8ff] INFO  o.eclipse.m2e.core.internal.Bundles - 	Entry: C:\Users\ASUS\Downloads\eclipse-jee-2022-12-R-win32-x86_64\eclipse\plugins\org.eclipse.m2e.maven.runtime_3.8.604.20221130-2149\jars\maven-core-3.8.6.jar
2025-05-21 12:11:23,796 [Worker-15: Launching mavenrun-988584f7-fda4-4ad0-84d0-ec9ee31ff8ff] INFO  o.eclipse.m2e.core.internal.Bundles - 	Entry: C:\Users\ASUS\Downloads\eclipse-jee-2022-12-R-win32-x86_64\eclipse\plugins\org.eclipse.m2e.maven.runtime_3.8.604.20221130-2149\jars\maven-embedder-3.8.6.jar
2025-05-21 12:11:23,796 [Worker-15: Launching mavenrun-988584f7-fda4-4ad0-84d0-ec9ee31ff8ff] INFO  o.eclipse.m2e.core.internal.Bundles - 	Entry: C:\Users\ASUS\Downloads\eclipse-jee-2022-12-R-win32-x86_64\eclipse\plugins\org.eclipse.m2e.maven.runtime_3.8.604.20221130-2149\jars\maven-model-3.8.6.jar
2025-05-21 12:11:23,796 [Worker-15: Launching mavenrun-988584f7-fda4-4ad0-84d0-ec9ee31ff8ff] INFO  o.eclipse.m2e.core.internal.Bundles - 	Entry: C:\Users\ASUS\Downloads\eclipse-jee-2022-12-R-win32-x86_64\eclipse\plugins\org.eclipse.m2e.maven.runtime_3.8.604.20221130-2149\jars\maven-model-builder-3.8.6.jar
2025-05-21 12:11:23,797 [Worker-15: Launching mavenrun-988584f7-fda4-4ad0-84d0-ec9ee31ff8ff] INFO  o.eclipse.m2e.core.internal.Bundles - 	Entry: C:\Users\ASUS\Downloads\eclipse-jee-2022-12-R-win32-x86_64\eclipse\plugins\org.eclipse.m2e.maven.runtime_3.8.604.20221130-2149\jars\maven-plugin-api-3.8.6.jar
2025-05-21 12:11:23,797 [Worker-15: Launching mavenrun-988584f7-fda4-4ad0-84d0-ec9ee31ff8ff] INFO  o.eclipse.m2e.core.internal.Bundles - 	Entry: C:\Users\ASUS\Downloads\eclipse-jee-2022-12-R-win32-x86_64\eclipse\plugins\org.eclipse.m2e.maven.runtime_3.8.604.20221130-2149\jars\maven-repository-metadata-3.8.6.jar
2025-05-21 12:11:23,797 [Worker-15: Launching mavenrun-988584f7-fda4-4ad0-84d0-ec9ee31ff8ff] INFO  o.eclipse.m2e.core.internal.Bundles - 	Entry: C:\Users\ASUS\Downloads\eclipse-jee-2022-12-R-win32-x86_64\eclipse\plugins\org.eclipse.m2e.maven.runtime_3.8.604.20221130-2149\jars\maven-resolver-api-1.6.3.jar
2025-05-21 12:11:23,797 [Worker-15: Launching mavenrun-988584f7-fda4-4ad0-84d0-ec9ee31ff8ff] INFO  o.eclipse.m2e.core.internal.Bundles - 	Entry: C:\Users\ASUS\Downloads\eclipse-jee-2022-12-R-win32-x86_64\eclipse\plugins\org.eclipse.m2e.maven.runtime_3.8.604.20221130-2149\jars\maven-resolver-connector-basic-1.6.3.jar
2025-05-21 12:11:23,797 [Worker-15: Launching mavenrun-988584f7-fda4-4ad0-84d0-ec9ee31ff8ff] INFO  o.eclipse.m2e.core.internal.Bundles - 	Entry: C:\Users\ASUS\Downloads\eclipse-jee-2022-12-R-win32-x86_64\eclipse\plugins\org.eclipse.m2e.maven.runtime_3.8.604.20221130-2149\jars\maven-resolver-impl-1.6.3.jar
2025-05-21 12:11:23,797 [Worker-15: Launching mavenrun-988584f7-fda4-4ad0-84d0-ec9ee31ff8ff] INFO  o.eclipse.m2e.core.internal.Bundles - 	Entry: C:\Users\ASUS\Downloads\eclipse-jee-2022-12-R-win32-x86_64\eclipse\plugins\org.eclipse.m2e.maven.runtime_3.8.604.20221130-2149\jars\maven-resolver-provider-3.8.6.jar
2025-05-21 12:11:23,798 [Worker-15: Launching mavenrun-988584f7-fda4-4ad0-84d0-ec9ee31ff8ff] INFO  o.eclipse.m2e.core.internal.Bundles - 	Entry: C:\Users\ASUS\Downloads\eclipse-jee-2022-12-R-win32-x86_64\eclipse\plugins\org.eclipse.m2e.maven.runtime_3.8.604.20221130-2149\jars\maven-resolver-spi-1.6.3.jar
2025-05-21 12:11:23,798 [Worker-15: Launching mavenrun-988584f7-fda4-4ad0-84d0-ec9ee31ff8ff] INFO  o.eclipse.m2e.core.internal.Bundles - 	Entry: C:\Users\ASUS\Downloads\eclipse-jee-2022-12-R-win32-x86_64\eclipse\plugins\org.eclipse.m2e.maven.runtime_3.8.604.20221130-2149\jars\maven-resolver-transport-wagon-1.6.3.jar
2025-05-21 12:11:23,798 [Worker-15: Launching mavenrun-988584f7-fda4-4ad0-84d0-ec9ee31ff8ff] INFO  o.eclipse.m2e.core.internal.Bundles - 	Entry: C:\Users\ASUS\Downloads\eclipse-jee-2022-12-R-win32-x86_64\eclipse\plugins\org.eclipse.m2e.maven.runtime_3.8.604.20221130-2149\jars\maven-resolver-util-1.6.3.jar
2025-05-21 12:11:23,798 [Worker-15: Launching mavenrun-988584f7-fda4-4ad0-84d0-ec9ee31ff8ff] INFO  o.eclipse.m2e.core.internal.Bundles - 	Entry: C:\Users\ASUS\Downloads\eclipse-jee-2022-12-R-win32-x86_64\eclipse\plugins\org.eclipse.m2e.maven.runtime_3.8.604.20221130-2149\jars\maven-settings-3.8.6.jar
2025-05-21 12:11:23,799 [Worker-15: Launching mavenrun-988584f7-fda4-4ad0-84d0-ec9ee31ff8ff] INFO  o.eclipse.m2e.core.internal.Bundles - 	Entry: C:\Users\ASUS\Downloads\eclipse-jee-2022-12-R-win32-x86_64\eclipse\plugins\org.eclipse.m2e.maven.runtime_3.8.604.20221130-2149\jars\maven-settings-builder-3.8.6.jar
2025-05-21 12:11:23,799 [Worker-15: Launching mavenrun-988584f7-fda4-4ad0-84d0-ec9ee31ff8ff] INFO  o.eclipse.m2e.core.internal.Bundles - 	Entry: C:\Users\ASUS\Downloads\eclipse-jee-2022-12-R-win32-x86_64\eclipse\plugins\org.eclipse.m2e.maven.runtime_3.8.604.20221130-2149\jars\maven-shared-utils-3.3.4.jar
2025-05-21 12:11:23,799 [Worker-15: Launching mavenrun-988584f7-fda4-4ad0-84d0-ec9ee31ff8ff] INFO  o.eclipse.m2e.core.internal.Bundles - 	Entry: C:\Users\ASUS\Downloads\eclipse-jee-2022-12-R-win32-x86_64\eclipse\plugins\org.eclipse.m2e.maven.runtime_3.8.604.20221130-2149\jars\okhttp-3.14.1.jar
2025-05-21 12:11:23,799 [Worker-15: Launching mavenrun-988584f7-fda4-4ad0-84d0-ec9ee31ff8ff] INFO  o.eclipse.m2e.core.internal.Bundles - 	Entry: C:\Users\ASUS\Downloads\eclipse-jee-2022-12-R-win32-x86_64\eclipse\plugins\org.eclipse.m2e.maven.runtime_3.8.604.20221130-2149\jars\okio-1.17.3.jar
2025-05-21 12:11:23,799 [Worker-15: Launching mavenrun-988584f7-fda4-4ad0-84d0-ec9ee31ff8ff] INFO  o.eclipse.m2e.core.internal.Bundles - 	Entry: C:\Users\ASUS\Downloads\eclipse-jee-2022-12-R-win32-x86_64\eclipse\plugins\org.eclipse.m2e.maven.runtime_3.8.604.20221130-2149\jars\org.eclipse.sisu.inject-0.3.5.jar
2025-05-21 12:11:23,800 [Worker-15: Launching mavenrun-988584f7-fda4-4ad0-84d0-ec9ee31ff8ff] INFO  o.eclipse.m2e.core.internal.Bundles - 	Entry: C:\Users\ASUS\Downloads\eclipse-jee-2022-12-R-win32-x86_64\eclipse\plugins\org.eclipse.m2e.maven.runtime_3.8.604.20221130-2149\jars\org.eclipse.sisu.plexus-0.3.5.jar
2025-05-21 12:11:23,800 [Worker-15: Launching mavenrun-988584f7-fda4-4ad0-84d0-ec9ee31ff8ff] INFO  o.eclipse.m2e.core.internal.Bundles - 	Entry: C:\Users\ASUS\Downloads\eclipse-jee-2022-12-R-win32-x86_64\eclipse\plugins\org.eclipse.m2e.maven.runtime_3.8.604.20221130-2149\jars\plexus-build-api-0.0.7.jar
2025-05-21 12:11:23,800 [Worker-15: Launching mavenrun-988584f7-fda4-4ad0-84d0-ec9ee31ff8ff] INFO  o.eclipse.m2e.core.internal.Bundles - 	Entry: C:\Users\ASUS\Downloads\eclipse-jee-2022-12-R-win32-x86_64\eclipse\plugins\org.eclipse.m2e.maven.runtime_3.8.604.20221130-2149\jars\plexus-cipher-2.0.jar
2025-05-21 12:11:23,800 [Worker-15: Launching mavenrun-988584f7-fda4-4ad0-84d0-ec9ee31ff8ff] INFO  o.eclipse.m2e.core.internal.Bundles - 	Entry: C:\Users\ASUS\Downloads\eclipse-jee-2022-12-R-win32-x86_64\eclipse\plugins\org.eclipse.m2e.maven.runtime_3.8.604.20221130-2149\jars\plexus-classworlds-2.6.0.jar
2025-05-21 12:11:23,800 [Worker-15: Launching mavenrun-988584f7-fda4-4ad0-84d0-ec9ee31ff8ff] INFO  o.eclipse.m2e.core.internal.Bundles - 	Entry: C:\Users\ASUS\Downloads\eclipse-jee-2022-12-R-win32-x86_64\eclipse\plugins\org.eclipse.m2e.maven.runtime_3.8.604.20221130-2149\jars\plexus-component-annotations-2.1.0.jar
2025-05-21 12:11:23,801 [Worker-15: Launching mavenrun-988584f7-fda4-4ad0-84d0-ec9ee31ff8ff] INFO  o.eclipse.m2e.core.internal.Bundles - 	Entry: C:\Users\ASUS\Downloads\eclipse-jee-2022-12-R-win32-x86_64\eclipse\plugins\org.eclipse.m2e.maven.runtime_3.8.604.20221130-2149\jars\plexus-interpolation-1.26.jar
2025-05-21 12:11:23,801 [Worker-15: Launching mavenrun-988584f7-fda4-4ad0-84d0-ec9ee31ff8ff] INFO  o.eclipse.m2e.core.internal.Bundles - 	Entry: C:\Users\ASUS\Downloads\eclipse-jee-2022-12-R-win32-x86_64\eclipse\plugins\org.eclipse.m2e.maven.runtime_3.8.604.20221130-2149\jars\plexus-sec-dispatcher-2.0.jar
2025-05-21 12:11:23,801 [Worker-15: Launching mavenrun-988584f7-fda4-4ad0-84d0-ec9ee31ff8ff] INFO  o.eclipse.m2e.core.internal.Bundles - 	Entry: C:\Users\ASUS\Downloads\eclipse-jee-2022-12-R-win32-x86_64\eclipse\plugins\org.eclipse.m2e.maven.runtime_3.8.604.20221130-2149\jars\plexus-utils-3.3.1.jar
2025-05-21 12:11:23,801 [Worker-15: Launching mavenrun-988584f7-fda4-4ad0-84d0-ec9ee31ff8ff] INFO  o.eclipse.m2e.core.internal.Bundles - 	Entry: C:\Users\ASUS\Downloads\eclipse-jee-2022-12-R-win32-x86_64\eclipse\plugins\org.eclipse.m2e.maven.runtime_3.8.604.20221130-2149\jars\wagon-file-3.5.1.jar
2025-05-21 12:11:23,801 [Worker-15: Launching mavenrun-988584f7-fda4-4ad0-84d0-ec9ee31ff8ff] INFO  o.eclipse.m2e.core.internal.Bundles - 	Entry: C:\Users\ASUS\Downloads\eclipse-jee-2022-12-R-win32-x86_64\eclipse\plugins\org.eclipse.m2e.maven.runtime_3.8.604.20221130-2149\jars\wagon-provider-api-3.5.1.jar
2025-05-21 12:11:23,804 [Worker-15: Launching mavenrun-988584f7-fda4-4ad0-84d0-ec9ee31ff8ff] INFO  o.eclipse.m2e.core.internal.Bundles - getClasspathEntries(Bundle=com.google.guava_30.1.0.v20221112-0806 [10])
2025-05-21 12:11:23,809 [Worker-15: Launching mavenrun-988584f7-fda4-4ad0-84d0-ec9ee31ff8ff] INFO  o.eclipse.m2e.core.internal.Bundles - 	Entry: C:\Users\ASUS\Downloads\eclipse-jee-2022-12-R-win32-x86_64\eclipse\plugins\com.google.guava_30.1.0.v20221112-0806.jar
2025-05-21 12:11:23,809 [Worker-15: Launching mavenrun-988584f7-fda4-4ad0-84d0-ec9ee31ff8ff] INFO  o.eclipse.m2e.core.internal.Bundles - getClasspathEntries(Bundle=slf4j.api_1.7.36 [918])
2025-05-21 12:11:23,814 [Worker-15: Launching mavenrun-988584f7-fda4-4ad0-84d0-ec9ee31ff8ff] INFO  o.eclipse.m2e.core.internal.Bundles - 	Entry: C:\Users\ASUS\Downloads\eclipse-jee-2022-12-R-win32-x86_64\eclipse\plugins\slf4j.api_1.7.36.jar
2025-05-21 12:11:23,815 [Worker-15: Launching mavenrun-988584f7-fda4-4ad0-84d0-ec9ee31ff8ff] INFO  o.eclipse.m2e.core.internal.Bundles - getClasspathEntries(Bundle=javax.inject_1.0.0.v20220405-0441 [32])
2025-05-21 12:11:23,817 [Worker-15: Launching mavenrun-988584f7-fda4-4ad0-84d0-ec9ee31ff8ff] INFO  o.eclipse.m2e.core.internal.Bundles - 	Entry: C:\Users\ASUS\Downloads\eclipse-jee-2022-12-R-win32-x86_64\eclipse\plugins\javax.inject_1.0.0.v20220405-0441.jar
2025-05-21 12:11:23,817 [Worker-15: Launching mavenrun-988584f7-fda4-4ad0-84d0-ec9ee31ff8ff] INFO  o.eclipse.m2e.core.internal.Bundles - getClasspathEntries(Bundle=javax.annotation_1.3.5.v20221112-0806 [30])
2025-05-21 12:11:23,820 [Worker-15: Launching mavenrun-988584f7-fda4-4ad0-84d0-ec9ee31ff8ff] INFO  o.eclipse.m2e.core.internal.Bundles - 	Entry: C:\Users\ASUS\Downloads\eclipse-jee-2022-12-R-win32-x86_64\eclipse\plugins\javax.annotation_1.3.5.v20221112-0806.jar
2025-05-21 12:11:23,826 [Worker-15: Launching mavenrun-988584f7-fda4-4ad0-84d0-ec9ee31ff8ff] INFO  o.e.m.i.launch.MavenLaunchDelegate - Run build in "C:\Users\ASUS\AppData\Local\Temp\m2e-archetypeGenerator8533783993889688879":
2025-05-21 12:11:23,833 [Worker-15: Launching mavenrun-988584f7-fda4-4ad0-84d0-ec9ee31ff8ff] INFO  o.e.m.i.launch.MavenLaunchDelegate -  mvn  -DarchetypeGroupId=com.github.ywchang -DarchetypeArtifactId=maven-archetype-quickstart -DarchetypeVersion=1.1 -DgroupId=com.demo.kodewala -DartifactId=JDBC_Batch -Dversion=0.0.1-SNAPSHOT -Dpackage=com.demo.kodewala.JDBC_Batch -DoutputDirectory="D:\Eclipse Work Space" -Dstyle.color=always -U archetype:generate
2025-05-21 12:11:50,849 [Worker-12: Creating maven-archetype-quickstart] INFO  o.e.m.c.i.p.ProjectConfigurationManager - Collecting project info '/pom.xml' D:\Eclipse Work Space\JDBC_Batch\pom.xml
2025-05-21 12:11:52,059 [Worker-12: Creating maven-archetype-quickstart] INFO  o.e.m.c.i.e.AbstractTransferListenerAdapter - Downloading https://repo.maven.apache.org/maven2/org/apache/maven/plugins/maven-surefire-plugin/3.0.0-M5/maven-surefire-plugin-3.0.0-M5.jar
2025-05-21 12:11:52,274 [Worker-12: Creating maven-archetype-quickstart] INFO  o.e.m.c.i.e.AbstractTransferListenerAdapter - Downloaded https://repo.maven.apache.org/maven2/org/apache/maven/plugins/maven-surefire-plugin/3.0.0-M5/maven-surefire-plugin-3.0.0-M5.jar
2025-05-21 12:11:58,201 [Worker-12: Creating maven-archetype-quickstart] INFO  o.e.m.c.i.l.LifecycleMappingFactory - Using org.eclipse.m2e.jdt.JarLifecycleMapping lifecycle mapping for MavenProject: com.demo.kodewala:JDBC_Batch:0.0.1-SNAPSHOT @ D:\Eclipse Work Space\JDBC_Batch\pom.xml.
2025-05-21 12:11:58,274 [Worker-12: Creating maven-archetype-quickstart] INFO  o.e.m.c.i.e.AbstractTransferListenerAdapter - Downloading https://repo.maven.apache.org/maven2/org/junit/jupiter/junit-jupiter-engine/5.7.1/junit-jupiter-engine-5.7.1.pom
2025-05-21 12:11:58,345 [Worker-12: Creating maven-archetype-quickstart] INFO  o.e.m.c.i.e.AbstractTransferListenerAdapter - Downloaded https://repo.maven.apache.org/maven2/org/junit/jupiter/junit-jupiter-engine/5.7.1/junit-jupiter-engine-5.7.1.pom
2025-05-21 12:11:58,437 [Worker-12: Creating maven-archetype-quickstart] INFO  o.e.m.c.i.e.AbstractTransferListenerAdapter - Downloading https://repo.maven.apache.org/maven2/org/junit/platform/junit-platform-engine/1.7.1/junit-platform-engine-1.7.1.pom
2025-05-21 12:11:58,498 [Worker-12: Creating maven-archetype-quickstart] INFO  o.e.m.c.i.e.AbstractTransferListenerAdapter - Downloaded https://repo.maven.apache.org/maven2/org/junit/platform/junit-platform-engine/1.7.1/junit-platform-engine-1.7.1.pom
2025-05-21 12:11:58,552 [Worker-12: Creating maven-archetype-quickstart] INFO  o.e.m.c.i.e.AbstractTransferListenerAdapter - Downloading https://repo.maven.apache.org/maven2/org/junit/platform/junit-platform-commons/1.7.1/junit-platform-commons-1.7.1.pom
2025-05-21 12:11:58,617 [Worker-12: Creating maven-archetype-quickstart] INFO  o.e.m.c.i.e.AbstractTransferListenerAdapter - Downloaded https://repo.maven.apache.org/maven2/org/junit/platform/junit-platform-commons/1.7.1/junit-platform-commons-1.7.1.pom
2025-05-21 12:11:58,640 [Worker-12: Creating maven-archetype-quickstart] INFO  o.e.m.c.i.e.AbstractTransferListenerAdapter - Downloading https://repo.maven.apache.org/maven2/org/junit/jupiter/junit-jupiter-api/5.7.1/junit-jupiter-api-5.7.1.pom
2025-05-21 12:11:58,704 [Worker-12: Creating maven-archetype-quickstart] INFO  o.e.m.c.i.e.AbstractTransferListenerAdapter - Downloaded https://repo.maven.apache.org/maven2/org/junit/jupiter/junit-jupiter-api/5.7.1/junit-jupiter-api-5.7.1.pom
2025-05-21 12:11:58,725 [Worker-12: Creating maven-archetype-quickstart] INFO  o.e.m.c.i.e.AbstractTransferListenerAdapter - Downloading https://repo.maven.apache.org/maven2/org/junit/jupiter/junit-jupiter-params/5.7.1/junit-jupiter-params-5.7.1.pom
2025-05-21 12:11:58,801 [Worker-12: Creating maven-archetype-quickstart] INFO  o.e.m.c.i.e.AbstractTransferListenerAdapter - Downloaded https://repo.maven.apache.org/maven2/org/junit/jupiter/junit-jupiter-params/5.7.1/junit-jupiter-params-5.7.1.pom
2025-05-21 12:11:58,830 [AetherRepositoryConnector-repo.maven.apache.org-0-0] INFO  o.e.m.c.i.e.AbstractTransferListenerAdapter - Downloading https://repo.maven.apache.org/maven2/org/junit/jupiter/junit-jupiter-engine/5.7.1/junit-jupiter-engine-5.7.1.jar
2025-05-21 12:11:58,856 [AetherRepositoryConnector-repo.maven.apache.org-0-1] INFO  o.e.m.c.i.e.AbstractTransferListenerAdapter - Downloading https://repo.maven.apache.org/maven2/org/junit/platform/junit-platform-engine/1.7.1/junit-platform-engine-1.7.1.jar
2025-05-21 12:11:58,856 [AetherRepositoryConnector-repo.maven.apache.org-0-4] INFO  o.e.m.c.i.e.AbstractTransferListenerAdapter - Downloading https://repo.maven.apache.org/maven2/org/junit/jupiter/junit-jupiter-params/5.7.1/junit-jupiter-params-5.7.1.jar
2025-05-21 12:11:58,856 [AetherRepositoryConnector-repo.maven.apache.org-0-2] INFO  o.e.m.c.i.e.AbstractTransferListenerAdapter - Downloading https://repo.maven.apache.org/maven2/org/junit/platform/junit-platform-commons/1.7.1/junit-platform-commons-1.7.1.jar
2025-05-21 12:11:58,856 [AetherRepositoryConnector-repo.maven.apache.org-0-3] INFO  o.e.m.c.i.e.AbstractTransferListenerAdapter - Downloading https://repo.maven.apache.org/maven2/org/junit/jupiter/junit-jupiter-api/5.7.1/junit-jupiter-api-5.7.1.jar
2025-05-21 12:11:58,978 [AetherRepositoryConnector-repo.maven.apache.org-0-3] INFO  o.e.m.c.i.e.AbstractTransferListenerAdapter - Downloaded https://repo.maven.apache.org/maven2/org/junit/jupiter/junit-jupiter-api/5.7.1/junit-jupiter-api-5.7.1.jar
2025-05-21 12:11:58,998 [AetherRepositoryConnector-repo.maven.apache.org-0-4] INFO  o.e.m.c.i.e.AbstractTransferListenerAdapter - Downloaded https://repo.maven.apache.org/maven2/org/junit/jupiter/junit-jupiter-params/5.7.1/junit-jupiter-params-5.7.1.jar
2025-05-21 12:11:59,026 [AetherRepositoryConnector-repo.maven.apache.org-0-0] INFO  o.e.m.c.i.e.AbstractTransferListenerAdapter - Downloaded https://repo.maven.apache.org/maven2/org/junit/jupiter/junit-jupiter-engine/5.7.1/junit-jupiter-engine-5.7.1.jar
2025-05-21 12:11:59,034 [AetherRepositoryConnector-repo.maven.apache.org-0-2] INFO  o.e.m.c.i.e.AbstractTransferListenerAdapter - Downloaded https://repo.maven.apache.org/maven2/org/junit/platform/junit-platform-commons/1.7.1/junit-platform-commons-1.7.1.jar
2025-05-21 12:11:59,075 [AetherRepositoryConnector-repo.maven.apache.org-0-1] INFO  o.e.m.c.i.e.AbstractTransferListenerAdapter - Downloaded https://repo.maven.apache.org/maven2/org/junit/platform/junit-platform-engine/1.7.1/junit-platform-engine-1.7.1.jar
2025-05-21 12:11:59,161 [Worker-12: Creating maven-archetype-quickstart] INFO  o.e.m.c.i.e.AbstractTransferListenerAdapter - Downloading https://repo.maven.apache.org/maven2/org/apache/maven/plugins/maven-surefire-plugin/3.0.0-M5/maven-surefire-plugin-3.0.0-M5.pom
2025-05-21 12:11:59,218 [Worker-12: Creating maven-archetype-quickstart] INFO  o.e.m.c.i.e.AbstractTransferListenerAdapter - Downloaded https://repo.maven.apache.org/maven2/org/apache/maven/plugins/maven-surefire-plugin/3.0.0-M5/maven-surefire-plugin-3.0.0-M5.pom
2025-05-21 12:11:59,240 [Worker-12: Creating maven-archetype-quickstart] INFO  o.e.m.c.i.e.AbstractTransferListenerAdapter - Downloading https://repo.maven.apache.org/maven2/org/apache/maven/surefire/surefire/3.0.0-M5/surefire-3.0.0-M5.pom
2025-05-21 12:11:59,307 [Worker-12: Creating maven-archetype-quickstart] INFO  o.e.m.c.i.e.AbstractTransferListenerAdapter - Downloaded https://repo.maven.apache.org/maven2/org/apache/maven/surefire/surefire/3.0.0-M5/surefire-3.0.0-M5.pom
2025-05-21 12:12:01,814 [Worker-12: Creating maven-archetype-quickstart] INFO  o.e.m.j.i.AbstractJavaProjectConfigurator - Adding source folder /JDBC_Batch/src/main/java
2025-05-21 12:12:01,833 [Worker-12: Creating maven-archetype-quickstart] INFO  o.e.m.j.i.AbstractJavaProjectConfigurator - Adding source folder /JDBC_Batch/src/test/java
2025-05-21 12:12:01,923 [Worker-19: Download sources and javadoc] INFO  o.e.m.c.i.e.AbstractTransferListenerAdapter - Downloading https://repo.maven.apache.org/maven2/org/junit/jupiter/junit-jupiter-engine/5.7.1/junit-jupiter-engine-5.7.1-sources.jar
2025-05-21 12:12:02,003 [Worker-19: Download sources and javadoc] INFO  o.e.m.c.i.e.AbstractTransferListenerAdapter - Downloaded https://repo.maven.apache.org/maven2/org/junit/jupiter/junit-jupiter-engine/5.7.1/junit-jupiter-engine-5.7.1-sources.jar
2025-05-21 12:12:02,008 [Worker-19: Download sources and javadoc] INFO  o.e.m.j.internal.DownloadSourcesJob - Downloaded sources for org.junit.jupiter:junit-jupiter-engine:5.7.1
2025-05-21 12:12:02,073 [Worker-19: Download sources and javadoc] INFO  o.e.m.c.i.e.AbstractTransferListenerAdapter - Downloading https://repo.maven.apache.org/maven2/org/junit/platform/junit-platform-engine/1.7.1/junit-platform-engine-1.7.1-sources.jar
2025-05-21 12:12:02,158 [Worker-19: Download sources and javadoc] INFO  o.e.m.c.i.e.AbstractTransferListenerAdapter - Downloaded https://repo.maven.apache.org/maven2/org/junit/platform/junit-platform-engine/1.7.1/junit-platform-engine-1.7.1-sources.jar
2025-05-21 12:12:02,162 [Worker-19: Download sources and javadoc] INFO  o.e.m.j.internal.DownloadSourcesJob - Downloaded sources for org.junit.platform:junit-platform-engine:1.7.1
2025-05-21 12:12:02,228 [Worker-19: Download sources and javadoc] INFO  o.e.m.c.i.e.AbstractTransferListenerAdapter - Downloading https://repo.maven.apache.org/maven2/org/junit/platform/junit-platform-commons/1.7.1/junit-platform-commons-1.7.1-sources.jar
2025-05-21 12:12:02,303 [Worker-19: Download sources and javadoc] INFO  o.e.m.c.i.e.AbstractTransferListenerAdapter - Downloaded https://repo.maven.apache.org/maven2/org/junit/platform/junit-platform-commons/1.7.1/junit-platform-commons-1.7.1-sources.jar
2025-05-21 12:12:02,306 [Worker-19: Download sources and javadoc] INFO  o.e.m.j.internal.DownloadSourcesJob - Downloaded sources for org.junit.platform:junit-platform-commons:1.7.1
2025-05-21 12:12:02,358 [Worker-12: Creating maven-archetype-quickstart] INFO  o.e.m.c.i.p.ProjectConfigurationManager - Imported and configured 1 project(s) in 11 sec
2025-05-21 12:12:02,370 [Worker-19: Download sources and javadoc] INFO  o.e.m.c.i.e.AbstractTransferListenerAdapter - Downloading https://repo.maven.apache.org/maven2/org/junit/jupiter/junit-jupiter-api/5.7.1/junit-jupiter-api-5.7.1-sources.jar
2025-05-21 12:12:02,469 [Worker-19: Download sources and javadoc] INFO  o.e.m.c.i.e.AbstractTransferListenerAdapter - Downloaded https://repo.maven.apache.org/maven2/org/junit/jupiter/junit-jupiter-api/5.7.1/junit-jupiter-api-5.7.1-sources.jar
2025-05-21 12:12:02,480 [Worker-19: Download sources and javadoc] INFO  o.e.m.j.internal.DownloadSourcesJob - Downloaded sources for org.junit.jupiter:junit-jupiter-api:5.7.1
2025-05-21 12:12:02,566 [Worker-19: Download sources and javadoc] INFO  o.e.m.c.i.e.AbstractTransferListenerAdapter - Downloading https://repo.maven.apache.org/maven2/org/junit/jupiter/junit-jupiter-params/5.7.1/junit-jupiter-params-5.7.1-sources.jar
2025-05-21 12:12:02,646 [Worker-19: Download sources and javadoc] INFO  o.e.m.c.i.e.AbstractTransferListenerAdapter - Downloaded https://repo.maven.apache.org/maven2/org/junit/jupiter/junit-jupiter-params/5.7.1/junit-jupiter-params-5.7.1-sources.jar
2025-05-21 12:12:02,652 [Worker-19: Download sources and javadoc] INFO  o.e.m.j.internal.DownloadSourcesJob - Downloaded sources for org.junit.jupiter:junit-jupiter-params:5.7.1
2025-05-21 12:12:03,593 [Worker-15: Building] INFO  o.e.m.c.i.embedder.EclipseLogger - Using 'UTF-8' encoding to copy filtered resources.
2025-05-21 12:12:03,593 [Worker-15: Building] INFO  o.e.m.c.i.embedder.EclipseLogger - skip non existing resourceDirectory D:\Eclipse Work Space\JDBC_Batch\src\main\resources
2025-05-21 12:12:03,601 [Worker-15: Building] INFO  o.e.m.c.i.embedder.EclipseLogger - Using 'UTF-8' encoding to copy filtered resources.
2025-05-21 12:12:03,602 [Worker-15: Building] INFO  o.e.m.c.i.embedder.EclipseLogger - skip non existing resourceDirectory D:\Eclipse Work Space\JDBC_Batch\src\test\resources
2025-05-21 12:13:08,687 [Worker-19: Building] INFO  o.e.m.c.i.embedder.EclipseLogger - Using 'UTF-8' encoding to copy filtered resources.
2025-05-21 12:13:08,688 [Worker-19: Building] INFO  o.e.m.c.i.embedder.EclipseLogger - skip non existing resourceDirectory D:\Eclipse Work Space\JDBC_Batch\src\main\resources
2025-05-21 12:13:08,692 [Worker-19: Building] INFO  o.e.m.c.i.embedder.EclipseLogger - Using 'UTF-8' encoding to copy filtered resources.
2025-05-21 12:13:08,692 [Worker-19: Building] INFO  o.e.m.c.i.embedder.EclipseLogger - skip non existing resourceDirectory D:\Eclipse Work Space\JDBC_Batch\src\test\resources
2025-05-21 12:14:14,119 [Worker-14: Building] INFO  o.e.m.c.i.embedder.EclipseLogger - Using 'UTF-8' encoding to copy filtered resources.
2025-05-21 12:14:14,119 [Worker-14: Building] INFO  o.e.m.c.i.embedder.EclipseLogger - skip non existing resourceDirectory D:\Eclipse Work Space\JDBC_Batch\src\main\resources
2025-05-21 12:14:14,119 [Worker-14: Building] INFO  o.e.m.c.i.embedder.EclipseLogger - Using 'UTF-8' encoding to copy filtered resources.
2025-05-21 12:14:14,119 [Worker-14: Building] INFO  o.e.m.c.i.embedder.EclipseLogger - skip non existing resourceDirectory D:\Eclipse Work Space\JDBC_Batch\src\test\resources
2025-05-21 12:15:21,309 [Worker-15: Building] INFO  o.e.m.c.i.embedder.EclipseLogger - Using 'UTF-8' encoding to copy filtered resources.
2025-05-21 12:15:21,309 [Worker-15: Building] INFO  o.e.m.c.i.embedder.EclipseLogger - skip non existing resourceDirectory D:\Eclipse Work Space\JDBC_Batch\src\main\resources
2025-05-21 12:15:21,315 [Worker-15: Building] INFO  o.e.m.c.i.embedder.EclipseLogger - Using 'UTF-8' encoding to copy filtered resources.
2025-05-21 12:15:21,315 [Worker-15: Building] INFO  o.e.m.c.i.embedder.EclipseLogger - skip non existing resourceDirectory D:\Eclipse Work Space\JDBC_Batch\src\test\resources
2025-05-21 12:15:24,591 [Worker-14: Building] INFO  o.e.m.c.i.embedder.EclipseLogger - Using 'UTF-8' encoding to copy filtered resources.
2025-05-21 12:15:24,591 [Worker-14: Building] INFO  o.e.m.c.i.embedder.EclipseLogger - skip non existing resourceDirectory D:\Eclipse Work Space\JDBC_Batch\src\main\resources
2025-05-21 12:15:24,598 [Worker-14: Building] INFO  o.e.m.c.i.embedder.EclipseLogger - Using 'UTF-8' encoding to copy filtered resources.
2025-05-21 12:15:24,598 [Worker-14: Building] INFO  o.e.m.c.i.embedder.EclipseLogger - skip non existing resourceDirectory D:\Eclipse Work Space\JDBC_Batch\src\test\resources
2025-05-21 12:16:08,536 [Worker-19: Building] INFO  o.e.m.c.i.embedder.EclipseLogger - Using 'UTF-8' encoding to copy filtered resources.
2025-05-21 12:16:08,536 [Worker-19: Building] INFO  o.e.m.c.i.embedder.EclipseLogger - skip non existing resourceDirectory D:\Eclipse Work Space\JDBC_Batch\src\main\resources
2025-05-21 12:16:08,540 [Worker-19: Building] INFO  o.e.m.c.i.embedder.EclipseLogger - Using 'UTF-8' encoding to copy filtered resources.
2025-05-21 12:16:08,541 [Worker-19: Building] INFO  o.e.m.c.i.embedder.EclipseLogger - skip non existing resourceDirectory D:\Eclipse Work Space\JDBC_Batch\src\test\resources
2025-05-21 12:29:06,486 [Worker-23: Building] INFO  o.e.m.c.i.embedder.EclipseLogger - Using 'UTF-8' encoding to copy filtered resources.
2025-05-21 12:29:06,487 [Worker-23: Building] INFO  o.e.m.c.i.embedder.EclipseLogger - skip non existing resourceDirectory D:\Eclipse Work Space\JDBC_Batch\src\main\resources
2025-05-21 12:29:06,491 [Worker-23: Building] INFO  o.e.m.c.i.embedder.EclipseLogger - Using 'UTF-8' encoding to copy filtered resources.
2025-05-21 12:29:06,491 [Worker-23: Building] INFO  o.e.m.c.i.embedder.EclipseLogger - skip non existing resourceDirectory D:\Eclipse Work Space\JDBC_Batch\src\test\resources
2025-05-21 12:31:29,455 [Worker-24: Building] INFO  o.e.m.c.i.embedder.EclipseLogger - Using 'UTF-8' encoding to copy filtered resources.
2025-05-21 12:31:29,455 [Worker-24: Building] INFO  o.e.m.c.i.embedder.EclipseLogger - skip non existing resourceDirectory D:\Eclipse Work Space\JDBC_Batch\src\main\resources
2025-05-21 12:31:29,460 [Worker-24: Building] INFO  o.e.m.c.i.embedder.EclipseLogger - Using 'UTF-8' encoding to copy filtered resources.
2025-05-21 12:31:29,460 [Worker-24: Building] INFO  o.e.m.c.i.embedder.EclipseLogger - skip non existing resourceDirectory D:\Eclipse Work Space\JDBC_Batch\src\test\resources
2025-05-21 12:31:57,055 [Worker-24: Building] INFO  o.e.m.c.i.embedder.EclipseLogger - Using 'UTF-8' encoding to copy filtered resources.
2025-05-21 12:31:57,055 [Worker-24: Building] INFO  o.e.m.c.i.embedder.EclipseLogger - skip non existing resourceDirectory D:\Eclipse Work Space\JDBC_Batch\src\main\resources
2025-05-21 12:31:57,066 [Worker-24: Building] INFO  o.e.m.c.i.embedder.EclipseLogger - Using 'UTF-8' encoding to copy filtered resources.
2025-05-21 12:31:57,067 [Worker-24: Building] INFO  o.e.m.c.i.embedder.EclipseLogger - skip non existing resourceDirectory D:\Eclipse Work Space\JDBC_Batch\src\test\resources
2025-05-21 12:32:32,213 [Worker-23: Building] INFO  o.e.m.c.i.embedder.EclipseLogger - Using 'UTF-8' encoding to copy filtered resources.
2025-05-21 12:32:32,214 [Worker-23: Building] INFO  o.e.m.c.i.embedder.EclipseLogger - skip non existing resourceDirectory D:\Eclipse Work Space\JDBC_Batch\src\main\resources
2025-05-21 12:32:32,218 [Worker-23: Building] INFO  o.e.m.c.i.embedder.EclipseLogger - Using 'UTF-8' encoding to copy filtered resources.
2025-05-21 12:32:32,219 [Worker-23: Building] INFO  o.e.m.c.i.embedder.EclipseLogger - skip non existing resourceDirectory D:\Eclipse Work Space\JDBC_Batch\src\test\resources
2025-05-21 12:33:13,136 [Worker-25: Building] INFO  o.e.m.c.i.embedder.EclipseLogger - Using 'UTF-8' encoding to copy filtered resources.
2025-05-21 12:33:13,137 [Worker-25: Building] INFO  o.e.m.c.i.embedder.EclipseLogger - skip non existing resourceDirectory D:\Eclipse Work Space\JDBC_Batch\src\main\resources
2025-05-21 12:33:13,140 [Worker-25: Building] INFO  o.e.m.c.i.embedder.EclipseLogger - Using 'UTF-8' encoding to copy filtered resources.
2025-05-21 12:33:13,140 [Worker-25: Building] INFO  o.e.m.c.i.embedder.EclipseLogger - skip non existing resourceDirectory D:\Eclipse Work Space\JDBC_Batch\src\test\resources
2025-05-21 12:34:08,654 [Worker-23: Building] INFO  o.e.m.c.i.embedder.EclipseLogger - Using 'UTF-8' encoding to copy filtered resources.
2025-05-21 12:34:08,654 [Worker-23: Building] INFO  o.e.m.c.i.embedder.EclipseLogger - skip non existing resourceDirectory D:\Eclipse Work Space\JDBC_Batch\src\main\resources
2025-05-21 12:34:08,657 [Worker-23: Building] INFO  o.e.m.c.i.embedder.EclipseLogger - Using 'UTF-8' encoding to copy filtered resources.
2025-05-21 12:34:08,657 [Worker-23: Building] INFO  o.e.m.c.i.embedder.EclipseLogger - skip non existing resourceDirectory D:\Eclipse Work Space\JDBC_Batch\src\test\resources
2025-05-21 12:34:22,307 [Worker-15: Building] INFO  o.e.m.c.i.embedder.EclipseLogger - Using 'UTF-8' encoding to copy filtered resources.
2025-05-21 12:34:22,307 [Worker-15: Building] INFO  o.e.m.c.i.embedder.EclipseLogger - skip non existing resourceDirectory D:\Eclipse Work Space\JDBC_Batch\src\main\resources
2025-05-21 12:34:22,310 [Worker-15: Building] INFO  o.e.m.c.i.embedder.EclipseLogger - Using 'UTF-8' encoding to copy filtered resources.
2025-05-21 12:34:22,310 [Worker-15: Building] INFO  o.e.m.c.i.embedder.EclipseLogger - skip non existing resourceDirectory D:\Eclipse Work Space\JDBC_Batch\src\test\resources
2025-05-21 12:34:28,615 [Worker-15: Building] INFO  o.e.m.c.i.embedder.EclipseLogger - Using 'UTF-8' encoding to copy filtered resources.
2025-05-21 12:34:28,615 [Worker-15: Building] INFO  o.e.m.c.i.embedder.EclipseLogger - skip non existing resourceDirectory D:\Eclipse Work Space\JDBC_Batch\src\main\resources
2025-05-21 12:34:28,618 [Worker-15: Building] INFO  o.e.m.c.i.embedder.EclipseLogger - Using 'UTF-8' encoding to copy filtered resources.
2025-05-21 12:34:28,618 [Worker-15: Building] INFO  o.e.m.c.i.embedder.EclipseLogger - skip non existing resourceDirectory D:\Eclipse Work Space\JDBC_Batch\src\test\resources
2025-05-21 12:35:18,494 [Worker-25: Building] INFO  o.e.m.c.i.embedder.EclipseLogger - Using 'UTF-8' encoding to copy filtered resources.
2025-05-21 12:35:18,494 [Worker-25: Building] INFO  o.e.m.c.i.embedder.EclipseLogger - skip non existing resourceDirectory D:\Eclipse Work Space\JDBC_Batch\src\main\resources
2025-05-21 12:35:18,497 [Worker-25: Building] INFO  o.e.m.c.i.embedder.EclipseLogger - Using 'UTF-8' encoding to copy filtered resources.
2025-05-21 12:35:18,497 [Worker-25: Building] INFO  o.e.m.c.i.embedder.EclipseLogger - skip non existing resourceDirectory D:\Eclipse Work Space\JDBC_Batch\src\test\resources
2025-05-21 12:39:43,301 [Worker-28: Building] INFO  o.e.m.c.i.l.LifecycleMappingFactory - Using org.eclipse.m2e.jdt.JarLifecycleMapping lifecycle mapping for MavenProject: com.demo.kodewala:JDBC_Batch:0.0.1-SNAPSHOT @ D:\Eclipse Work Space\JDBC_Batch\pom.xml.
2025-05-21 12:39:43,765 [Worker-28: Building] INFO  o.e.m.c.i.embedder.EclipseLogger - Using 'UTF-8' encoding to copy filtered resources.
2025-05-21 12:39:43,766 [Worker-28: Building] INFO  o.e.m.c.i.embedder.EclipseLogger - skip non existing resourceDirectory D:\Eclipse Work Space\JDBC_Batch\src\main\resources
2025-05-21 12:39:43,772 [Worker-28: Building] INFO  o.e.m.c.i.embedder.EclipseLogger - Using 'UTF-8' encoding to copy filtered resources.
2025-05-21 12:39:43,772 [Worker-28: Building] INFO  o.e.m.c.i.embedder.EclipseLogger - skip non existing resourceDirectory D:\Eclipse Work Space\JDBC_Batch\src\test\resources
2025-05-21 12:39:45,542 [Worker-15: Building] INFO  o.e.m.c.i.embedder.EclipseLogger - Using 'UTF-8' encoding to copy filtered resources.
2025-05-21 12:39:45,542 [Worker-15: Building] INFO  o.e.m.c.i.embedder.EclipseLogger - skip non existing resourceDirectory D:\Eclipse Work Space\JDBC_Batch\src\main\resources
2025-05-21 12:39:45,547 [Worker-15: Building] INFO  o.e.m.c.i.embedder.EclipseLogger - Using 'UTF-8' encoding to copy filtered resources.
2025-05-21 12:39:45,547 [Worker-15: Building] INFO  o.e.m.c.i.embedder.EclipseLogger - skip non existing resourceDirectory D:\Eclipse Work Space\JDBC_Batch\src\test\resources
2025-05-21 12:43:40,475 [Worker-23: Building] INFO  o.e.m.c.i.embedder.EclipseLogger - Using 'UTF-8' encoding to copy filtered resources.
2025-05-21 12:43:40,476 [Worker-23: Building] INFO  o.e.m.c.i.embedder.EclipseLogger - skip non existing resourceDirectory D:\Eclipse Work Space\JDBC_Batch\src\main\resources
2025-05-21 12:43:40,480 [Worker-23: Building] INFO  o.e.m.c.i.embedder.EclipseLogger - Using 'UTF-8' encoding to copy filtered resources.
2025-05-21 12:43:40,481 [Worker-23: Building] INFO  o.e.m.c.i.embedder.EclipseLogger - skip non existing resourceDirectory D:\Eclipse Work Space\JDBC_Batch\src\test\resources
2025-05-21 13:07:44,102 [Worker-34: Building] INFO  o.e.m.c.i.embedder.EclipseLogger - Using 'UTF-8' encoding to copy filtered resources.
2025-05-21 13:07:44,114 [Worker-34: Building] INFO  o.e.m.c.i.embedder.EclipseLogger - skip non existing resourceDirectory D:\Eclipse Work Space\JDBC_Batch\src\main\resources
2025-05-21 13:07:44,120 [Worker-34: Building] INFO  o.e.m.c.i.embedder.EclipseLogger - Using 'UTF-8' encoding to copy filtered resources.
2025-05-21 13:07:44,123 [Worker-34: Building] INFO  o.e.m.c.i.embedder.EclipseLogger - skip non existing resourceDirectory D:\Eclipse Work Space\JDBC_Batch\src\test\resources
2025-05-21 13:10:02,285 [Worker-35: Building] INFO  o.e.m.c.i.embedder.EclipseLogger - Using 'UTF-8' encoding to copy filtered resources.
2025-05-21 13:10:02,285 [Worker-35: Building] INFO  o.e.m.c.i.embedder.EclipseLogger - skip non existing resourceDirectory D:\Eclipse Work Space\JDBC_Batch\src\main\resources
2025-05-21 13:10:02,287 [Worker-35: Building] INFO  o.e.m.c.i.embedder.EclipseLogger - Using 'UTF-8' encoding to copy filtered resources.
2025-05-21 13:10:02,288 [Worker-35: Building] INFO  o.e.m.c.i.embedder.EclipseLogger - skip non existing resourceDirectory D:\Eclipse Work Space\JDBC_Batch\src\test\resources
2025-05-21 13:12:03,260 [Worker-39: Building] INFO  o.e.m.c.i.embedder.EclipseLogger - Using 'UTF-8' encoding to copy filtered resources.
2025-05-21 13:12:03,260 [Worker-39: Building] INFO  o.e.m.c.i.embedder.EclipseLogger - skip non existing resourceDirectory D:\Eclipse Work Space\JDBC_Batch\src\main\resources
2025-05-21 13:12:03,264 [Worker-39: Building] INFO  o.e.m.c.i.embedder.EclipseLogger - Using 'UTF-8' encoding to copy filtered resources.
2025-05-21 13:12:03,264 [Worker-39: Building] INFO  o.e.m.c.i.embedder.EclipseLogger - skip non existing resourceDirectory D:\Eclipse Work Space\JDBC_Batch\src\test\resources
2025-05-21 13:12:04,520 [Worker-39: Building] INFO  o.e.m.c.i.embedder.EclipseLogger - Using 'UTF-8' encoding to copy filtered resources.
2025-05-21 13:12:04,521 [Worker-39: Building] INFO  o.e.m.c.i.embedder.EclipseLogger - skip non existing resourceDirectory D:\Eclipse Work Space\JDBC_Batch\src\main\resources
2025-05-21 13:12:04,526 [Worker-39: Building] INFO  o.e.m.c.i.embedder.EclipseLogger - Using 'UTF-8' encoding to copy filtered resources.
2025-05-21 13:12:04,526 [Worker-39: Building] INFO  o.e.m.c.i.embedder.EclipseLogger - skip non existing resourceDirectory D:\Eclipse Work Space\JDBC_Batch\src\test\resources
2025-05-21 13:13:17,723 [Worker-35: Building] INFO  o.e.m.c.i.embedder.EclipseLogger - Using 'UTF-8' encoding to copy filtered resources.
2025-05-21 13:13:17,724 [Worker-35: Building] INFO  o.e.m.c.i.embedder.EclipseLogger - skip non existing resourceDirectory D:\Eclipse Work Space\JDBC_Batch\src\main\resources
2025-05-21 13:13:17,729 [Worker-35: Building] INFO  o.e.m.c.i.embedder.EclipseLogger - Using 'UTF-8' encoding to copy filtered resources.
2025-05-21 13:13:17,729 [Worker-35: Building] INFO  o.e.m.c.i.embedder.EclipseLogger - skip non existing resourceDirectory D:\Eclipse Work Space\JDBC_Batch\src\test\resources
2025-05-21 13:13:24,368 [Worker-41: Building] INFO  o.e.m.c.i.embedder.EclipseLogger - Using 'UTF-8' encoding to copy filtered resources.
2025-05-21 13:13:24,368 [Worker-41: Building] INFO  o.e.m.c.i.embedder.EclipseLogger - skip non existing resourceDirectory D:\Eclipse Work Space\JDBC_Batch\src\main\resources
2025-05-21 13:13:24,372 [Worker-41: Building] INFO  o.e.m.c.i.embedder.EclipseLogger - Using 'UTF-8' encoding to copy filtered resources.
2025-05-21 13:13:24,373 [Worker-41: Building] INFO  o.e.m.c.i.embedder.EclipseLogger - skip non existing resourceDirectory D:\Eclipse Work Space\JDBC_Batch\src\test\resources
2025-05-21 13:57:50,460 [Worker-44: Building] INFO  o.e.m.c.i.embedder.EclipseLogger - Using 'UTF-8' encoding to copy filtered resources.
2025-05-21 13:57:50,468 [Worker-44: Building] INFO  o.e.m.c.i.embedder.EclipseLogger - skip non existing resourceDirectory D:\Eclipse Work Space\JDBC_Batch\src\main\resources
2025-05-21 13:57:50,473 [Worker-44: Building] INFO  o.e.m.c.i.embedder.EclipseLogger - Using 'UTF-8' encoding to copy filtered resources.
2025-05-21 13:57:50,473 [Worker-44: Building] INFO  o.e.m.c.i.embedder.EclipseLogger - skip non existing resourceDirectory D:\Eclipse Work Space\JDBC_Batch\src\test\resources
2025-05-21 15:45:18,025 [Worker-43: Building] INFO  o.e.m.c.i.embedder.EclipseLogger - Using 'UTF-8' encoding to copy filtered resources.
2025-05-21 15:45:18,035 [Worker-43: Building] INFO  o.e.m.c.i.embedder.EclipseLogger - skip non existing resourceDirectory D:\Eclipse Work Space\JDBC_Batch\src\main\resources
2025-05-21 15:45:18,039 [Worker-43: Building] INFO  o.e.m.c.i.embedder.EclipseLogger - Using 'UTF-8' encoding to copy filtered resources.
2025-05-21 15:45:18,039 [Worker-43: Building] INFO  o.e.m.c.i.embedder.EclipseLogger - skip non existing resourceDirectory D:\Eclipse Work Space\JDBC_Batch\src\test\resources
2025-05-21 16:13:55,128 [Worker-55: Building] INFO  o.e.m.c.i.embedder.EclipseLogger - Using 'UTF-8' encoding to copy filtered resources.
2025-05-21 16:13:55,133 [Worker-55: Building] INFO  o.e.m.c.i.embedder.EclipseLogger - skip non existing resourceDirectory D:\Eclipse Work Space\JDBC_Batch\src\main\resources
2025-05-21 16:13:55,139 [Worker-55: Building] INFO  o.e.m.c.i.embedder.EclipseLogger - Using 'UTF-8' encoding to copy filtered resources.
2025-05-21 16:13:55,140 [Worker-55: Building] INFO  o.e.m.c.i.embedder.EclipseLogger - skip non existing resourceDirectory D:\Eclipse Work Space\JDBC_Batch\src\test\resources
2025-05-22 14:48:40,739 [Worker-1: Loading available Gradle versions] INFO  o.e.b.c.i.u.g.PublishedGradleVersions - Gradle version information cache is out-of-date. Trying to update.
